<?xml version="1.0" encoding="UTF-8"?>
<!-- Generated by org.testng.reporters.JUnitXMLReporter -->
<testsuite ignored="0" hostname="EPINHYDW0D78" failures="1" tests="2" name="Test" time="0.237" errors="0" timestamp="2024-03-16T19:34:11 IST">
  <testcase classname="com.extentTest.GoogleTest" name="test01" time="0.016"/>
  <testcase classname="com.extentTest.GoogleTest" name="test02" time="0.006">
    <failure type="java.lang.AssertionError" message="expected [true] but found [false]">
      <![CDATA[java.lang.AssertionError: expected [true] but found [false]
at com.extentTest.GoogleTest.test02(GoogleTest.java:15)
at java.base/java.util.ArrayList.forEach(ArrayList.java:1511)
... Removed 35 stack frames]]>
    </failure>
  </testcase> <!-- test02 -->
</testsuite> <!-- Test -->
